
> TestExpress@0.0.0 start /home/stevenst/Developer/Sources/NodeJS/TestExpress
> node ./bin/www

application started, listening:8088
[0mGET http://domkrim.com/av.php [33m404 [0m13.164 ms - 1180[0m
[0mGET http://115.28.32.109:8080/ [33m404 [0m4.102 ms - 1180[0m
[0mGET http://www.baidu.com/cache/global/img/gs.gif [33m404 [0m3.545 ms - 1180[0m
[0mGET http://testp4.pospr.waw.pl/testproxy.php [33m404 [0m9.921 ms - 1180[0m
[0mGET /phpmoadmin/moadmin.php [33m404 [0m7.009 ms - 1180[0m
[0mGET / [0m- [0m- ms - -[0m
[0mGET / [33m404 [0m2.764 ms - 1180[0m
[0mGET http://www.baidu.com/ [33m404 [0m7.951 ms - 1180[0m
[0mGET http://www.baidu.com/cache/global/img/gs.gif [33m404 [0m3.316 ms - 1180[0m
[0mGET /myadmin/scripts/setup.php [33m404 [0m6.497 ms - 1180[0m
[0mGET / [33m404 [0m6.499 ms - 1180[0m
[0mOPTIONS / [33m404 [0m5.688 ms - 1335[0m
[0mGET / [33m404 [0m2.537 ms - 1180[0m
[0mGET / [33m404 [0m5.137 ms - 1180[0m
[0mGET /tcpipwan.asp [33m404 [0m2.784 ms - 1180[0m
[0mGET http://www.baidu.com/cache/global/img/gs.gif [33m404 [0m2.291 ms - 1180[0m
[0mGET http://www.baidu.com/robots.txt [33m404 [0m5.339 ms - 1180[0m
[0mGET http://zc.qq.com/cgi-bin/common/attr?id=260714&r=0.5439249772832833 [33m404 [0m2.214 ms - 1180[0m
